<?xml version="1.0" encoding="UTF-8"?>
<testng-results ignored="0" total="1" passed="1" failed="0" skipped="0">
  <reporter-output>
  </reporter-output>
  <suite started-at="2022-11-03T07:30:32 PDT" name="Default suite" finished-at="2022-11-03T07:31:57 PDT" duration-ms="84205">
    <groups>
    </groups>
    <test started-at="2022-11-03T07:30:32 PDT" name="Default test" finished-at="2022-11-03T07:31:57 PDT" duration-ms="84205">
      <class name="com.codmind.project.b3.testcase.Testcase">
        <test-method is-config="true" signature="login()[pri:0, instance:com.codmind.project.b3.testcase.Testcase@59af0466]" started-at="2022-11-03T07:30:32 PDT" name="login" finished-at="2022-11-03T07:31:52 PDT" duration-ms="79304" status="PASS">
          <reporter-output>
          </reporter-output>
        </test-method> <!-- login -->
        <test-method signature="verifyValidLogin()[pri:0, instance:com.codmind.project.b3.testcase.Testcase@59af0466]" started-at="2022-11-03T07:31:52 PDT" name="verifyValidLogin" finished-at="2022-11-03T07:31:56 PDT" duration-ms="4771" status="PASS">
          <reporter-output>
          </reporter-output>
        </test-method> <!-- verifyValidLogin -->
      </class> <!-- com.codmind.project.b3.testcase.Testcase -->
    </test> <!-- Default test -->
  </suite> <!-- Default suite -->
</testng-results>
